########### array before sorts ###########
0	0.508000	1.270000	29.341000	1.270000	n
1	29.341000	1.270000	29.341000	37.324000	n
2	29.341000	37.324000	0.508000	37.324000	n
3	0.508000	37.324000	0.508000	1.270000	n
Tolerance=0.050000.
*Exact match for i=0 and j=1.
*i point 0.508000	1.270000	29.341000	1.270000	y
*Exact match for i=1 and j=2.
*i point 29.341000	1.270000	29.341000	37.324000	y
*Exact match for i=2 and j=3.
*i point 29.341000	37.324000	0.508000	37.324000	y
########### array after sorts ###########
0	0.508000	1.270000	29.341000	1.270000	y
1	29.341000	1.270000	29.341000	37.324000	y
2	29.341000	37.324000	0.508000	37.324000	y
3	0.508000	37.324000	0.508000	1.270000	y
***************
.BOARD_OUTLINE UNOWNED
1.6
0     0.508000     1.270000     0
0     29.341000     1.270000     0
0     29.341000     37.324000     0
0     0.508000     37.324000     0
0     0.508000     1.270000     0
